Wed, 20 Feb 2013 01:15:17 GMT - info: Loading model 'Counters'
Wed, 20 Feb 2013 01:15:17 GMT - info: Loading model 'ApiLimits'
Wed, 20 Feb 2013 01:15:17 GMT - info: Loading model 'KeyFactory'
Wed, 20 Feb 2013 01:15:17 GMT - info: Loading model 'Hits'
Wed, 20 Feb 2013 01:15:17 GMT - info: Loading model 'ApiFactory'
Wed, 20 Feb 2013 01:15:17 GMT - info: Loading model 'KeyringFactory'
Wed, 20 Feb 2013 01:15:17 GMT - info: Loading model 'Cache'
Wed, 20 Feb 2013 01:15:17 GMT - info: Loading controller CreateKeyring with path '/v1/keyring/:keyring'
Wed, 20 Feb 2013 01:15:17 GMT - info: Loading controller ViewKeyring with path '/v1/keyring/:keyring'
Wed, 20 Feb 2013 01:15:17 GMT - info: Loading controller DeleteKeyring with path '/v1/keyring/:keyring'
Wed, 20 Feb 2013 01:15:17 GMT - info: Loading controller ModifyKeyring with path '/v1/keyring/:keyring'
Wed, 20 Feb 2013 01:15:17 GMT - info: Loading controller ListKeyrings with path '/v1/keyrings'
Wed, 20 Feb 2013 01:15:17 GMT - info: Loading controller ListKeyringKeys with path '/v1/keyring/:keyring/keys'
Wed, 20 Feb 2013 01:15:17 GMT - info: Loading controller AddKeyringKey with path '/v1/keyring/:keyring/key/:key'
Wed, 20 Feb 2013 01:15:17 GMT - info: Loading controller DelKeyringKey with path '/v1/keyring/:keyring/key/:key'
Wed, 20 Feb 2013 01:15:17 GMT - info: Loading controller AddKeyToApi with path '/v1/api/:api/addkey/:key'
Wed, 20 Feb 2013 01:15:17 GMT - info: Loading controller CreateApi with path '/v1/api/:api'
Wed, 20 Feb 2013 01:15:17 GMT - info: Loading controller ViewApi with path '/v1/api/:api'
Wed, 20 Feb 2013 01:15:17 GMT - info: Loading controller DeleteApi with path '/v1/api/:api'
Wed, 20 Feb 2013 01:15:17 GMT - info: Loading controller ModifyApi with path '/v1/api/:api'
Wed, 20 Feb 2013 01:15:17 GMT - info: Loading controller ListApis with path '/v1/apis'
Wed, 20 Feb 2013 01:15:17 GMT - info: Loading controller ListApiKeys with path '/v1/api/:api/keys'
Wed, 20 Feb 2013 01:15:17 GMT - info: Loading controller ViewHitsForApi with path '/v1/api/:api/hits'
Wed, 20 Feb 2013 01:15:17 GMT - info: Loading controller ViewHitsForApiNow with path '/v1/api/:api/hits/now'
Wed, 20 Feb 2013 01:15:17 GMT - info: Loading controller ViewAllStatsForApi with path '/v1/api/:api/stats'
Wed, 20 Feb 2013 01:15:17 GMT - info: Loading controller ListKeys with path '/v1/keys'
Wed, 20 Feb 2013 01:15:17 GMT - info: Loading controller CreateKey with path '/v1/key/:key'
Wed, 20 Feb 2013 01:15:17 GMT - info: Loading controller ViewKey with path '/v1/key/:key'
Wed, 20 Feb 2013 01:15:17 GMT - info: Loading controller DeleteKey with path '/v1/key/:key'
Wed, 20 Feb 2013 01:15:17 GMT - info: Loading controller ModifyKey with path '/v1/key/:key'
Wed, 20 Feb 2013 01:15:17 GMT - info: Loading controller ViewHitsForKey with path '/v1/key/:key/hits'
Wed, 20 Feb 2013 01:15:17 GMT - info: Loading controller ViewHitsForKeyNow with path '/v1/key/:key/hits/now'
Wed, 20 Feb 2013 01:15:17 GMT - info: Loading controller ViewAllStatsForKey with path '/v1/key/:key/stats'
Wed, 20 Feb 2013 01:15:26 GMT - info: Loading model 'Counters'
Wed, 20 Feb 2013 01:15:26 GMT - info: Loading model 'ApiLimits'
Wed, 20 Feb 2013 01:15:26 GMT - info: Loading model 'KeyFactory'
Wed, 20 Feb 2013 01:15:26 GMT - info: Loading model 'Hits'
Wed, 20 Feb 2013 01:15:26 GMT - info: Loading model 'ApiFactory'
Wed, 20 Feb 2013 01:15:26 GMT - info: Loading model 'KeyringFactory'
Wed, 20 Feb 2013 01:15:26 GMT - info: Loading model 'Cache'
Wed, 20 Feb 2013 01:15:26 GMT - info: Loading controller CreateKeyring with path '/v1/keyring/:keyring'
Wed, 20 Feb 2013 01:15:26 GMT - info: Loading controller ViewKeyring with path '/v1/keyring/:keyring'
Wed, 20 Feb 2013 01:15:26 GMT - info: Loading controller DeleteKeyring with path '/v1/keyring/:keyring'
Wed, 20 Feb 2013 01:15:26 GMT - info: Loading controller ModifyKeyring with path '/v1/keyring/:keyring'
Wed, 20 Feb 2013 01:15:26 GMT - info: Loading controller ListKeyrings with path '/v1/keyrings'
Wed, 20 Feb 2013 01:15:26 GMT - info: Loading controller ListKeyringKeys with path '/v1/keyring/:keyring/keys'
Wed, 20 Feb 2013 01:15:26 GMT - info: Loading controller AddKeyringKey with path '/v1/keyring/:keyring/key/:key'
Wed, 20 Feb 2013 01:15:26 GMT - info: Loading controller DelKeyringKey with path '/v1/keyring/:keyring/key/:key'
Wed, 20 Feb 2013 01:15:26 GMT - info: Loading controller AddKeyToApi with path '/v1/api/:api/addkey/:key'
Wed, 20 Feb 2013 01:15:26 GMT - info: Loading controller CreateApi with path '/v1/api/:api'
Wed, 20 Feb 2013 01:15:26 GMT - info: Loading controller ViewApi with path '/v1/api/:api'
Wed, 20 Feb 2013 01:15:26 GMT - info: Loading controller DeleteApi with path '/v1/api/:api'
Wed, 20 Feb 2013 01:15:26 GMT - info: Loading controller ModifyApi with path '/v1/api/:api'
Wed, 20 Feb 2013 01:15:26 GMT - info: Loading controller ListApis with path '/v1/apis'
Wed, 20 Feb 2013 01:15:26 GMT - info: Loading controller ListApiKeys with path '/v1/api/:api/keys'
Wed, 20 Feb 2013 01:15:26 GMT - info: Loading controller ViewHitsForApi with path '/v1/api/:api/hits'
Wed, 20 Feb 2013 01:15:26 GMT - info: Loading controller ViewHitsForApiNow with path '/v1/api/:api/hits/now'
Wed, 20 Feb 2013 01:15:26 GMT - info: Loading controller ViewAllStatsForApi with path '/v1/api/:api/stats'
Wed, 20 Feb 2013 01:15:27 GMT - info: Loading controller ListKeys with path '/v1/keys'
Wed, 20 Feb 2013 01:15:27 GMT - info: Loading controller CreateKey with path '/v1/key/:key'
Wed, 20 Feb 2013 01:15:27 GMT - info: Loading controller ViewKey with path '/v1/key/:key'
Wed, 20 Feb 2013 01:15:27 GMT - info: Loading controller DeleteKey with path '/v1/key/:key'
Wed, 20 Feb 2013 01:15:27 GMT - info: Loading controller ModifyKey with path '/v1/key/:key'
Wed, 20 Feb 2013 01:15:27 GMT - info: Loading controller ViewHitsForKey with path '/v1/key/:key/hits'
Wed, 20 Feb 2013 01:15:27 GMT - info: Loading controller ViewHitsForKeyNow with path '/v1/key/:key/hits/now'
Wed, 20 Feb 2013 01:15:27 GMT - info: Loading controller ViewAllStatsForKey with path '/v1/key/:key/stats'
Wed, 20 Feb 2013 01:15:49 GMT - info: Loading model 'Counters'
Wed, 20 Feb 2013 01:15:49 GMT - info: Loading model 'ApiLimits'
Wed, 20 Feb 2013 01:15:49 GMT - info: Loading model 'KeyFactory'
Wed, 20 Feb 2013 01:15:49 GMT - info: Loading model 'Hits'
Wed, 20 Feb 2013 01:15:49 GMT - info: Loading model 'ApiFactory'
Wed, 20 Feb 2013 01:15:49 GMT - info: Loading model 'KeyringFactory'
Wed, 20 Feb 2013 01:15:49 GMT - info: Loading model 'Cache'
Wed, 20 Feb 2013 01:15:49 GMT - info: Loading controller CreateKeyring with path '/v1/keyring/:keyring'
Wed, 20 Feb 2013 01:15:49 GMT - info: Loading controller ViewKeyring with path '/v1/keyring/:keyring'
Wed, 20 Feb 2013 01:15:49 GMT - info: Loading controller DeleteKeyring with path '/v1/keyring/:keyring'
Wed, 20 Feb 2013 01:15:49 GMT - info: Loading controller ModifyKeyring with path '/v1/keyring/:keyring'
Wed, 20 Feb 2013 01:15:49 GMT - info: Loading controller ListKeyrings with path '/v1/keyrings'
Wed, 20 Feb 2013 01:15:49 GMT - info: Loading controller ListKeyringKeys with path '/v1/keyring/:keyring/keys'
Wed, 20 Feb 2013 01:15:49 GMT - info: Loading controller AddKeyringKey with path '/v1/keyring/:keyring/key/:key'
Wed, 20 Feb 2013 01:15:49 GMT - info: Loading controller DelKeyringKey with path '/v1/keyring/:keyring/key/:key'
Wed, 20 Feb 2013 01:15:49 GMT - info: Loading controller AddKeyToApi with path '/v1/api/:api/addkey/:key'
Wed, 20 Feb 2013 01:15:49 GMT - info: Loading controller CreateApi with path '/v1/api/:api'
Wed, 20 Feb 2013 01:15:49 GMT - info: Loading controller ViewApi with path '/v1/api/:api'
Wed, 20 Feb 2013 01:15:49 GMT - info: Loading controller DeleteApi with path '/v1/api/:api'
Wed, 20 Feb 2013 01:15:49 GMT - info: Loading controller ModifyApi with path '/v1/api/:api'
Wed, 20 Feb 2013 01:15:49 GMT - info: Loading controller ListApis with path '/v1/apis'
Wed, 20 Feb 2013 01:15:49 GMT - info: Loading controller ListApiKeys with path '/v1/api/:api/keys'
Wed, 20 Feb 2013 01:15:49 GMT - info: Loading controller ViewHitsForApi with path '/v1/api/:api/hits'
Wed, 20 Feb 2013 01:15:49 GMT - info: Loading controller ViewHitsForApiNow with path '/v1/api/:api/hits/now'
Wed, 20 Feb 2013 01:15:49 GMT - info: Loading controller ViewAllStatsForApi with path '/v1/api/:api/stats'
Wed, 20 Feb 2013 01:15:49 GMT - info: Loading controller ListKeys with path '/v1/keys'
Wed, 20 Feb 2013 01:15:49 GMT - info: Loading controller CreateKey with path '/v1/key/:key'
Wed, 20 Feb 2013 01:15:49 GMT - info: Loading controller ViewKey with path '/v1/key/:key'
Wed, 20 Feb 2013 01:15:49 GMT - info: Loading controller DeleteKey with path '/v1/key/:key'
Wed, 20 Feb 2013 01:15:49 GMT - info: Loading controller ModifyKey with path '/v1/key/:key'
Wed, 20 Feb 2013 01:15:49 GMT - info: Loading controller ViewHitsForKey with path '/v1/key/:key/hits'
Wed, 20 Feb 2013 01:15:49 GMT - info: Loading controller ViewHitsForKeyNow with path '/v1/key/:key/hits/now'
Wed, 20 Feb 2013 01:15:49 GMT - info: Loading controller ViewAllStatsForKey with path '/v1/key/:key/stats'
Wed, 20 Feb 2013 01:16:18 GMT - info: Loading model 'Counters'
Wed, 20 Feb 2013 01:16:18 GMT - info: Loading model 'ApiLimits'
Wed, 20 Feb 2013 01:16:18 GMT - info: Loading model 'KeyFactory'
Wed, 20 Feb 2013 01:16:19 GMT - info: Loading model 'Hits'
Wed, 20 Feb 2013 01:16:19 GMT - info: Loading model 'ApiFactory'
Wed, 20 Feb 2013 01:16:19 GMT - info: Loading model 'KeyringFactory'
Wed, 20 Feb 2013 01:16:19 GMT - info: Loading model 'Cache'
Wed, 20 Feb 2013 01:16:19 GMT - info: Loading controller CreateKeyring with path '/v1/keyring/:keyring'
Wed, 20 Feb 2013 01:16:19 GMT - info: Loading controller ViewKeyring with path '/v1/keyring/:keyring'
Wed, 20 Feb 2013 01:16:19 GMT - info: Loading controller DeleteKeyring with path '/v1/keyring/:keyring'
Wed, 20 Feb 2013 01:16:19 GMT - info: Loading controller ModifyKeyring with path '/v1/keyring/:keyring'
Wed, 20 Feb 2013 01:16:19 GMT - info: Loading controller ListKeyrings with path '/v1/keyrings'
Wed, 20 Feb 2013 01:16:19 GMT - info: Loading controller ListKeyringKeys with path '/v1/keyring/:keyring/keys'
Wed, 20 Feb 2013 01:16:19 GMT - info: Loading controller AddKeyringKey with path '/v1/keyring/:keyring/key/:key'
Wed, 20 Feb 2013 01:16:19 GMT - info: Loading controller DelKeyringKey with path '/v1/keyring/:keyring/key/:key'
Wed, 20 Feb 2013 01:16:19 GMT - info: Loading controller AddKeyToApi with path '/v1/api/:api/addkey/:key'
Wed, 20 Feb 2013 01:16:19 GMT - info: Loading controller CreateApi with path '/v1/api/:api'
Wed, 20 Feb 2013 01:16:19 GMT - info: Loading controller ViewApi with path '/v1/api/:api'
Wed, 20 Feb 2013 01:16:19 GMT - info: Loading controller DeleteApi with path '/v1/api/:api'
Wed, 20 Feb 2013 01:16:19 GMT - info: Loading controller ModifyApi with path '/v1/api/:api'
Wed, 20 Feb 2013 01:16:19 GMT - info: Loading controller ListApis with path '/v1/apis'
Wed, 20 Feb 2013 01:16:19 GMT - info: Loading controller ListApiKeys with path '/v1/api/:api/keys'
Wed, 20 Feb 2013 01:16:19 GMT - info: Loading controller ViewHitsForApi with path '/v1/api/:api/hits'
Wed, 20 Feb 2013 01:16:19 GMT - info: Loading controller ViewHitsForApiNow with path '/v1/api/:api/hits/now'
Wed, 20 Feb 2013 01:16:19 GMT - info: Loading controller ViewAllStatsForApi with path '/v1/api/:api/stats'
Wed, 20 Feb 2013 01:16:19 GMT - info: Loading controller ListKeys with path '/v1/keys'
Wed, 20 Feb 2013 01:16:19 GMT - info: Loading controller CreateKey with path '/v1/key/:key'
Wed, 20 Feb 2013 01:16:19 GMT - info: Loading controller ViewKey with path '/v1/key/:key'
Wed, 20 Feb 2013 01:16:19 GMT - info: Loading controller DeleteKey with path '/v1/key/:key'
Wed, 20 Feb 2013 01:16:19 GMT - info: Loading controller ModifyKey with path '/v1/key/:key'
Wed, 20 Feb 2013 01:16:19 GMT - info: Loading controller ViewHitsForKey with path '/v1/key/:key/hits'
Wed, 20 Feb 2013 01:16:19 GMT - info: Loading controller ViewHitsForKeyNow with path '/v1/key/:key/hits/now'
Wed, 20 Feb 2013 01:16:19 GMT - info: Loading controller ViewAllStatsForKey with path '/v1/key/:key/stats'
Wed, 20 Feb 2013 01:17:26 GMT - info: Loading model 'Counters'
Wed, 20 Feb 2013 01:17:26 GMT - info: Loading model 'ApiLimits'
Wed, 20 Feb 2013 01:17:26 GMT - info: Loading model 'KeyFactory'
Wed, 20 Feb 2013 01:17:26 GMT - info: Loading model 'Hits'
Wed, 20 Feb 2013 01:17:26 GMT - info: Loading model 'ApiFactory'
Wed, 20 Feb 2013 01:17:26 GMT - info: Loading model 'KeyringFactory'
Wed, 20 Feb 2013 01:17:26 GMT - info: Loading model 'Cache'
Wed, 20 Feb 2013 01:17:26 GMT - info: Loading controller CreateKeyring with path '/v1/keyring/:keyring'
Wed, 20 Feb 2013 01:17:26 GMT - info: Loading controller ViewKeyring with path '/v1/keyring/:keyring'
Wed, 20 Feb 2013 01:17:26 GMT - info: Loading controller DeleteKeyring with path '/v1/keyring/:keyring'
Wed, 20 Feb 2013 01:17:26 GMT - info: Loading controller ModifyKeyring with path '/v1/keyring/:keyring'
Wed, 20 Feb 2013 01:17:26 GMT - info: Loading controller ListKeyrings with path '/v1/keyrings'
Wed, 20 Feb 2013 01:17:26 GMT - info: Loading controller ListKeyringKeys with path '/v1/keyring/:keyring/keys'
Wed, 20 Feb 2013 01:17:26 GMT - info: Loading controller AddKeyringKey with path '/v1/keyring/:keyring/key/:key'
Wed, 20 Feb 2013 01:17:26 GMT - info: Loading controller DelKeyringKey with path '/v1/keyring/:keyring/key/:key'
Wed, 20 Feb 2013 01:17:26 GMT - info: Loading controller AddKeyToApi with path '/v1/api/:api/addkey/:key'
Wed, 20 Feb 2013 01:17:26 GMT - info: Loading controller CreateApi with path '/v1/api/:api'
Wed, 20 Feb 2013 01:17:26 GMT - info: Loading controller ViewApi with path '/v1/api/:api'
Wed, 20 Feb 2013 01:17:26 GMT - info: Loading controller DeleteApi with path '/v1/api/:api'
Wed, 20 Feb 2013 01:17:26 GMT - info: Loading controller ModifyApi with path '/v1/api/:api'
Wed, 20 Feb 2013 01:17:26 GMT - info: Loading controller ListApis with path '/v1/apis'
Wed, 20 Feb 2013 01:17:26 GMT - info: Loading controller ListApiKeys with path '/v1/api/:api/keys'
Wed, 20 Feb 2013 01:17:26 GMT - info: Loading controller ViewHitsForApi with path '/v1/api/:api/hits'
Wed, 20 Feb 2013 01:17:26 GMT - info: Loading controller ViewHitsForApiNow with path '/v1/api/:api/hits/now'
Wed, 20 Feb 2013 01:17:26 GMT - info: Loading controller ViewAllStatsForApi with path '/v1/api/:api/stats'
Wed, 20 Feb 2013 01:17:26 GMT - info: Loading controller ListKeys with path '/v1/keys'
Wed, 20 Feb 2013 01:17:26 GMT - info: Loading controller CreateKey with path '/v1/key/:key'
Wed, 20 Feb 2013 01:17:26 GMT - info: Loading controller ViewKey with path '/v1/key/:key'
Wed, 20 Feb 2013 01:17:26 GMT - info: Loading controller DeleteKey with path '/v1/key/:key'
Wed, 20 Feb 2013 01:17:26 GMT - info: Loading controller ModifyKey with path '/v1/key/:key'
Wed, 20 Feb 2013 01:17:26 GMT - info: Loading controller ViewHitsForKey with path '/v1/key/:key/hits'
Wed, 20 Feb 2013 01:17:26 GMT - info: Loading controller ViewHitsForKeyNow with path '/v1/key/:key/hits/now'
Wed, 20 Feb 2013 01:17:26 GMT - info: Loading controller ViewAllStatsForKey with path '/v1/key/:key/stats'
Wed, 20 Feb 2013 01:17:44 GMT - info: Loading model 'Counters'
Wed, 20 Feb 2013 01:17:44 GMT - info: Loading model 'ApiLimits'
Wed, 20 Feb 2013 01:17:44 GMT - info: Loading model 'KeyFactory'
Wed, 20 Feb 2013 01:17:44 GMT - info: Loading model 'Hits'
Wed, 20 Feb 2013 01:17:44 GMT - info: Loading model 'ApiFactory'
Wed, 20 Feb 2013 01:17:44 GMT - info: Loading model 'KeyringFactory'
Wed, 20 Feb 2013 01:17:44 GMT - info: Loading model 'Cache'
Wed, 20 Feb 2013 01:17:44 GMT - info: Loading controller CreateKeyring with path '/v1/keyring/:keyring'
Wed, 20 Feb 2013 01:17:44 GMT - info: Loading controller ViewKeyring with path '/v1/keyring/:keyring'
Wed, 20 Feb 2013 01:17:44 GMT - info: Loading controller DeleteKeyring with path '/v1/keyring/:keyring'
Wed, 20 Feb 2013 01:17:44 GMT - info: Loading controller ModifyKeyring with path '/v1/keyring/:keyring'
Wed, 20 Feb 2013 01:17:44 GMT - info: Loading controller ListKeyrings with path '/v1/keyrings'
Wed, 20 Feb 2013 01:17:44 GMT - info: Loading controller ListKeyringKeys with path '/v1/keyring/:keyring/keys'
Wed, 20 Feb 2013 01:17:44 GMT - info: Loading controller AddKeyringKey with path '/v1/keyring/:keyring/key/:key'
Wed, 20 Feb 2013 01:17:44 GMT - info: Loading controller DelKeyringKey with path '/v1/keyring/:keyring/key/:key'
Wed, 20 Feb 2013 01:17:44 GMT - info: Loading controller AddKeyToApi with path '/v1/api/:api/addkey/:key'
Wed, 20 Feb 2013 01:17:44 GMT - info: Loading controller CreateApi with path '/v1/api/:api'
Wed, 20 Feb 2013 01:17:44 GMT - info: Loading controller ViewApi with path '/v1/api/:api'
Wed, 20 Feb 2013 01:17:44 GMT - info: Loading controller DeleteApi with path '/v1/api/:api'
Wed, 20 Feb 2013 01:17:44 GMT - info: Loading controller ModifyApi with path '/v1/api/:api'
Wed, 20 Feb 2013 01:17:44 GMT - info: Loading controller ListApis with path '/v1/apis'
Wed, 20 Feb 2013 01:17:44 GMT - info: Loading controller ListApiKeys with path '/v1/api/:api/keys'
Wed, 20 Feb 2013 01:17:44 GMT - info: Loading controller ViewHitsForApi with path '/v1/api/:api/hits'
Wed, 20 Feb 2013 01:17:44 GMT - info: Loading controller ViewHitsForApiNow with path '/v1/api/:api/hits/now'
Wed, 20 Feb 2013 01:17:44 GMT - info: Loading controller ViewAllStatsForApi with path '/v1/api/:api/stats'
Wed, 20 Feb 2013 01:17:44 GMT - info: Loading controller ListKeys with path '/v1/keys'
Wed, 20 Feb 2013 01:17:44 GMT - info: Loading controller CreateKey with path '/v1/key/:key'
Wed, 20 Feb 2013 01:17:44 GMT - info: Loading controller ViewKey with path '/v1/key/:key'
Wed, 20 Feb 2013 01:17:44 GMT - info: Loading controller DeleteKey with path '/v1/key/:key'
Wed, 20 Feb 2013 01:17:44 GMT - info: Loading controller ModifyKey with path '/v1/key/:key'
Wed, 20 Feb 2013 01:17:44 GMT - info: Loading controller ViewHitsForKey with path '/v1/key/:key/hits'
Wed, 20 Feb 2013 01:17:44 GMT - info: Loading controller ViewHitsForKeyNow with path '/v1/key/:key/hits/now'
Wed, 20 Feb 2013 01:17:44 GMT - info: Loading controller ViewAllStatsForKey with path '/v1/key/:key/stats'
Wed, 20 Feb 2013 01:19:32 GMT - info: Loading model 'Counters'
Wed, 20 Feb 2013 01:19:32 GMT - info: Loading model 'ApiLimits'
Wed, 20 Feb 2013 01:19:32 GMT - info: Loading model 'KeyFactory'
Wed, 20 Feb 2013 01:19:32 GMT - info: Loading model 'Hits'
Wed, 20 Feb 2013 01:19:32 GMT - info: Loading model 'ApiFactory'
Wed, 20 Feb 2013 01:19:32 GMT - info: Loading model 'KeyringFactory'
Wed, 20 Feb 2013 01:19:32 GMT - info: Loading model 'Cache'
Wed, 20 Feb 2013 01:19:32 GMT - info: Loading controller CreateKeyring with path '/v1/keyring/:keyring'
Wed, 20 Feb 2013 01:19:32 GMT - info: Loading controller ViewKeyring with path '/v1/keyring/:keyring'
Wed, 20 Feb 2013 01:19:32 GMT - info: Loading controller DeleteKeyring with path '/v1/keyring/:keyring'
Wed, 20 Feb 2013 01:19:32 GMT - info: Loading controller ModifyKeyring with path '/v1/keyring/:keyring'
Wed, 20 Feb 2013 01:19:32 GMT - info: Loading controller ListKeyrings with path '/v1/keyrings'
Wed, 20 Feb 2013 01:19:32 GMT - info: Loading controller ListKeyringKeys with path '/v1/keyring/:keyring/keys'
Wed, 20 Feb 2013 01:19:32 GMT - info: Loading controller AddKeyringKey with path '/v1/keyring/:keyring/key/:key'
Wed, 20 Feb 2013 01:19:32 GMT - info: Loading controller DelKeyringKey with path '/v1/keyring/:keyring/key/:key'
Wed, 20 Feb 2013 01:19:32 GMT - info: Loading controller AddKeyToApi with path '/v1/api/:api/addkey/:key'
Wed, 20 Feb 2013 01:19:32 GMT - info: Loading controller CreateApi with path '/v1/api/:api'
Wed, 20 Feb 2013 01:19:32 GMT - info: Loading controller ViewApi with path '/v1/api/:api'
Wed, 20 Feb 2013 01:19:32 GMT - info: Loading controller DeleteApi with path '/v1/api/:api'
Wed, 20 Feb 2013 01:19:32 GMT - info: Loading controller ModifyApi with path '/v1/api/:api'
Wed, 20 Feb 2013 01:19:32 GMT - info: Loading controller ListApis with path '/v1/apis'
Wed, 20 Feb 2013 01:19:32 GMT - info: Loading controller ListApiKeys with path '/v1/api/:api/keys'
Wed, 20 Feb 2013 01:19:32 GMT - info: Loading controller ViewHitsForApi with path '/v1/api/:api/hits'
Wed, 20 Feb 2013 01:19:32 GMT - info: Loading controller ViewHitsForApiNow with path '/v1/api/:api/hits/now'
Wed, 20 Feb 2013 01:19:32 GMT - info: Loading controller ViewAllStatsForApi with path '/v1/api/:api/stats'
Wed, 20 Feb 2013 01:19:32 GMT - info: Loading controller ListKeys with path '/v1/keys'
Wed, 20 Feb 2013 01:19:32 GMT - info: Loading controller CreateKey with path '/v1/key/:key'
Wed, 20 Feb 2013 01:19:32 GMT - info: Loading controller ViewKey with path '/v1/key/:key'
Wed, 20 Feb 2013 01:19:32 GMT - info: Loading controller DeleteKey with path '/v1/key/:key'
Wed, 20 Feb 2013 01:19:32 GMT - info: Loading controller ModifyKey with path '/v1/key/:key'
Wed, 20 Feb 2013 01:19:32 GMT - info: Loading controller ViewHitsForKey with path '/v1/key/:key/hits'
Wed, 20 Feb 2013 01:19:32 GMT - info: Loading controller ViewHitsForKeyNow with path '/v1/key/:key/hits/now'
Wed, 20 Feb 2013 01:19:32 GMT - info: Loading controller ViewAllStatsForKey with path '/v1/key/:key/stats'
Wed, 20 Feb 2013 01:35:53 GMT - info: Loading model 'Counters'
Wed, 20 Feb 2013 01:35:53 GMT - info: Loading model 'ApiLimits'
Wed, 20 Feb 2013 01:35:53 GMT - info: Loading model 'KeyFactory'
Wed, 20 Feb 2013 01:35:53 GMT - info: Loading model 'Hits'
Wed, 20 Feb 2013 01:35:53 GMT - info: Loading model 'ApiFactory'
Wed, 20 Feb 2013 01:35:53 GMT - info: Loading model 'KeyringFactory'
Wed, 20 Feb 2013 01:35:53 GMT - info: Loading model 'Cache'
Wed, 20 Feb 2013 01:35:53 GMT - info: Loading controller CreateKeyring with path '/v1/keyring/:keyring'
Wed, 20 Feb 2013 01:35:53 GMT - info: Loading controller ViewKeyring with path '/v1/keyring/:keyring'
Wed, 20 Feb 2013 01:35:53 GMT - info: Loading controller DeleteKeyring with path '/v1/keyring/:keyring'
Wed, 20 Feb 2013 01:35:53 GMT - info: Loading controller ModifyKeyring with path '/v1/keyring/:keyring'
Wed, 20 Feb 2013 01:35:53 GMT - info: Loading controller ListKeyrings with path '/v1/keyrings'
Wed, 20 Feb 2013 01:35:53 GMT - info: Loading controller ListKeyringKeys with path '/v1/keyring/:keyring/keys'
Wed, 20 Feb 2013 01:35:53 GMT - info: Loading controller AddKeyringKey with path '/v1/keyring/:keyring/key/:key'
Wed, 20 Feb 2013 01:35:53 GMT - info: Loading controller DelKeyringKey with path '/v1/keyring/:keyring/key/:key'
Wed, 20 Feb 2013 01:35:53 GMT - info: Loading controller AddKeyToApi with path '/v1/api/:api/addkey/:key'
Wed, 20 Feb 2013 01:35:53 GMT - info: Loading controller CreateApi with path '/v1/api/:api'
Wed, 20 Feb 2013 01:35:53 GMT - info: Loading controller ViewApi with path '/v1/api/:api'
Wed, 20 Feb 2013 01:35:53 GMT - info: Loading controller DeleteApi with path '/v1/api/:api'
Wed, 20 Feb 2013 01:35:53 GMT - info: Loading controller ModifyApi with path '/v1/api/:api'
Wed, 20 Feb 2013 01:35:53 GMT - info: Loading controller ListApis with path '/v1/apis'
Wed, 20 Feb 2013 01:35:53 GMT - info: Loading controller ListApiKeys with path '/v1/api/:api/keys'
Wed, 20 Feb 2013 01:35:53 GMT - info: Loading controller ViewHitsForApi with path '/v1/api/:api/hits'
Wed, 20 Feb 2013 01:35:53 GMT - info: Loading controller ViewHitsForApiNow with path '/v1/api/:api/hits/now'
Wed, 20 Feb 2013 01:35:53 GMT - info: Loading controller ViewAllStatsForApi with path '/v1/api/:api/stats'
Wed, 20 Feb 2013 01:35:53 GMT - info: Loading controller ListKeys with path '/v1/keys'
Wed, 20 Feb 2013 01:35:53 GMT - info: Loading controller CreateKey with path '/v1/key/:key'
Wed, 20 Feb 2013 01:35:53 GMT - info: Loading controller ViewKey with path '/v1/key/:key'
Wed, 20 Feb 2013 01:35:53 GMT - info: Loading controller DeleteKey with path '/v1/key/:key'
Wed, 20 Feb 2013 01:35:53 GMT - info: Loading controller ModifyKey with path '/v1/key/:key'
Wed, 20 Feb 2013 01:35:53 GMT - info: Loading controller ViewHitsForKey with path '/v1/key/:key/hits'
Wed, 20 Feb 2013 01:35:53 GMT - info: Loading controller ViewHitsForKeyNow with path '/v1/key/:key/hits/now'
Wed, 20 Feb 2013 01:35:53 GMT - info: Loading controller ViewAllStatsForKey with path '/v1/key/:key/stats'
Wed, 20 Feb 2013 01:38:35 GMT - info: Loading model 'Counters'
Wed, 20 Feb 2013 01:38:35 GMT - info: Loading model 'ApiLimits'
Wed, 20 Feb 2013 01:38:35 GMT - info: Loading model 'KeyFactory'
Wed, 20 Feb 2013 01:38:35 GMT - info: Loading model 'Hits'
Wed, 20 Feb 2013 01:38:35 GMT - info: Loading model 'ApiFactory'
Wed, 20 Feb 2013 01:38:35 GMT - info: Loading model 'KeyringFactory'
Wed, 20 Feb 2013 01:38:35 GMT - info: Loading model 'Cache'
Wed, 20 Feb 2013 01:38:35 GMT - info: Loading controller CreateKeyring with path '/v1/keyring/:keyring'
Wed, 20 Feb 2013 01:38:35 GMT - info: Loading controller ViewKeyring with path '/v1/keyring/:keyring'
Wed, 20 Feb 2013 01:38:35 GMT - info: Loading controller DeleteKeyring with path '/v1/keyring/:keyring'
Wed, 20 Feb 2013 01:38:35 GMT - info: Loading controller ModifyKeyring with path '/v1/keyring/:keyring'
Wed, 20 Feb 2013 01:38:35 GMT - info: Loading controller ListKeyrings with path '/v1/keyrings'
Wed, 20 Feb 2013 01:38:35 GMT - info: Loading controller ListKeyringKeys with path '/v1/keyring/:keyring/keys'
Wed, 20 Feb 2013 01:38:35 GMT - info: Loading controller AddKeyringKey with path '/v1/keyring/:keyring/key/:key'
Wed, 20 Feb 2013 01:38:35 GMT - info: Loading controller DelKeyringKey with path '/v1/keyring/:keyring/key/:key'
Wed, 20 Feb 2013 01:38:35 GMT - info: Loading controller AddKeyToApi with path '/v1/api/:api/addkey/:key'
Wed, 20 Feb 2013 01:38:35 GMT - info: Loading controller CreateApi with path '/v1/api/:api'
Wed, 20 Feb 2013 01:38:35 GMT - info: Loading controller ViewApi with path '/v1/api/:api'
Wed, 20 Feb 2013 01:38:35 GMT - info: Loading controller DeleteApi with path '/v1/api/:api'
Wed, 20 Feb 2013 01:38:35 GMT - info: Loading controller ModifyApi with path '/v1/api/:api'
Wed, 20 Feb 2013 01:38:35 GMT - info: Loading controller ListApis with path '/v1/apis'
Wed, 20 Feb 2013 01:38:35 GMT - info: Loading controller ListApiKeys with path '/v1/api/:api/keys'
Wed, 20 Feb 2013 01:38:35 GMT - info: Loading controller ViewHitsForApi with path '/v1/api/:api/hits'
Wed, 20 Feb 2013 01:38:35 GMT - info: Loading controller ViewHitsForApiNow with path '/v1/api/:api/hits/now'
Wed, 20 Feb 2013 01:38:35 GMT - info: Loading controller ViewAllStatsForApi with path '/v1/api/:api/stats'
Wed, 20 Feb 2013 01:38:35 GMT - info: Loading controller ListKeys with path '/v1/keys'
Wed, 20 Feb 2013 01:38:35 GMT - info: Loading controller CreateKey with path '/v1/key/:key'
Wed, 20 Feb 2013 01:38:35 GMT - info: Loading controller ViewKey with path '/v1/key/:key'
Wed, 20 Feb 2013 01:38:35 GMT - info: Loading controller DeleteKey with path '/v1/key/:key'
Wed, 20 Feb 2013 01:38:35 GMT - info: Loading controller ModifyKey with path '/v1/key/:key'
Wed, 20 Feb 2013 01:38:35 GMT - info: Loading controller ViewHitsForKey with path '/v1/key/:key/hits'
Wed, 20 Feb 2013 01:38:35 GMT - info: Loading controller ViewHitsForKeyNow with path '/v1/key/:key/hits/now'
Wed, 20 Feb 2013 01:38:35 GMT - info: Loading controller ViewAllStatsForKey with path '/v1/key/:key/stats'
Wed, 20 Feb 2013 01:40:25 GMT - info: Loading model 'Counters'
Wed, 20 Feb 2013 01:40:25 GMT - info: Loading model 'ApiLimits'
Wed, 20 Feb 2013 01:40:25 GMT - info: Loading model 'KeyFactory'
Wed, 20 Feb 2013 01:40:25 GMT - info: Loading model 'Hits'
Wed, 20 Feb 2013 01:40:25 GMT - info: Loading model 'ApiFactory'
Wed, 20 Feb 2013 01:40:25 GMT - info: Loading model 'KeyringFactory'
Wed, 20 Feb 2013 01:40:25 GMT - info: Loading model 'Cache'
Wed, 20 Feb 2013 01:40:25 GMT - info: Loading controller CreateKeyring with path '/v1/keyring/:keyring'
Wed, 20 Feb 2013 01:40:25 GMT - info: Loading controller ViewKeyring with path '/v1/keyring/:keyring'
Wed, 20 Feb 2013 01:40:25 GMT - info: Loading controller DeleteKeyring with path '/v1/keyring/:keyring'
Wed, 20 Feb 2013 01:40:25 GMT - info: Loading controller ModifyKeyring with path '/v1/keyring/:keyring'
Wed, 20 Feb 2013 01:40:25 GMT - info: Loading controller ListKeyrings with path '/v1/keyrings'
Wed, 20 Feb 2013 01:40:25 GMT - info: Loading controller ListKeyringKeys with path '/v1/keyring/:keyring/keys'
Wed, 20 Feb 2013 01:40:25 GMT - info: Loading controller AddKeyringKey with path '/v1/keyring/:keyring/key/:key'
Wed, 20 Feb 2013 01:40:25 GMT - info: Loading controller DelKeyringKey with path '/v1/keyring/:keyring/key/:key'
Wed, 20 Feb 2013 01:40:25 GMT - info: Loading controller AddKeyToApi with path '/v1/api/:api/addkey/:key'
Wed, 20 Feb 2013 01:40:25 GMT - info: Loading controller CreateApi with path '/v1/api/:api'
Wed, 20 Feb 2013 01:40:25 GMT - info: Loading controller ViewApi with path '/v1/api/:api'
Wed, 20 Feb 2013 01:40:25 GMT - info: Loading controller DeleteApi with path '/v1/api/:api'
Wed, 20 Feb 2013 01:40:25 GMT - info: Loading controller ModifyApi with path '/v1/api/:api'
Wed, 20 Feb 2013 01:40:25 GMT - info: Loading controller ListApis with path '/v1/apis'
Wed, 20 Feb 2013 01:40:25 GMT - info: Loading controller ListApiKeys with path '/v1/api/:api/keys'
Wed, 20 Feb 2013 01:40:25 GMT - info: Loading controller ViewHitsForApi with path '/v1/api/:api/hits'
Wed, 20 Feb 2013 01:40:25 GMT - info: Loading controller ViewHitsForApiNow with path '/v1/api/:api/hits/now'
Wed, 20 Feb 2013 01:40:25 GMT - info: Loading controller ViewAllStatsForApi with path '/v1/api/:api/stats'
Wed, 20 Feb 2013 01:40:25 GMT - info: Loading controller ListKeys with path '/v1/keys'
Wed, 20 Feb 2013 01:40:25 GMT - info: Loading controller CreateKey with path '/v1/key/:key'
Wed, 20 Feb 2013 01:40:25 GMT - info: Loading controller ViewKey with path '/v1/key/:key'
Wed, 20 Feb 2013 01:40:25 GMT - info: Loading controller DeleteKey with path '/v1/key/:key'
Wed, 20 Feb 2013 01:40:25 GMT - info: Loading controller ModifyKey with path '/v1/key/:key'
Wed, 20 Feb 2013 01:40:25 GMT - info: Loading controller ViewHitsForKey with path '/v1/key/:key/hits'
Wed, 20 Feb 2013 01:40:25 GMT - info: Loading controller ViewHitsForKeyNow with path '/v1/key/:key/hits/now'
Wed, 20 Feb 2013 01:40:25 GMT - info: Loading controller ViewAllStatsForKey with path '/v1/key/:key/stats'
